::1 - - [10/Jan/2021:16:28:39 +0000] "GET /admin/profile HTTP/1.1" 302 66 "-" "Mozilla/5.0 (Macintosh; Intel Mac OS X 11_1_0) AppleWebKit/537.36 (KHTML, like Gecko) Chrome/87.0.4280.141 Safari/537.36"
::1 - - [10/Jan/2021:16:28:39 +0000] "GET /auth/login HTTP/1.1" 404 149 "-" "Mozilla/5.0 (Macintosh; Intel Mac OS X 11_1_0) AppleWebKit/537.36 (KHTML, like Gecko) Chrome/87.0.4280.141 Safari/537.36"
::1 - - [10/Jan/2021:16:28:47 +0000] "GET /login HTTP/1.1" 200 - "-" "Mozilla/5.0 (Macintosh; Intel Mac OS X 11_1_0) AppleWebKit/537.36 (KHTML, like Gecko) Chrome/87.0.4280.141 Safari/537.36"
::1 - - [10/Jan/2021:16:28:47 +0000] "GET /css/styles.css HTTP/1.1" 304 - "-" "Mozilla/5.0 (Macintosh; Intel Mac OS X 11_1_0) AppleWebKit/537.36 (KHTML, like Gecko) Chrome/87.0.4280.141 Safari/537.36"
::1 - - [10/Jan/2021:16:28:49 +0000] "GET /favicon.ico HTTP/1.1" 404 150 "-" "Mozilla/5.0 (Macintosh; Intel Mac OS X 11_1_0) AppleWebKit/537.36 (KHTML, like Gecko) Chrome/87.0.4280.141 Safari/537.36"
::1 - - [10/Jan/2021:16:29:21 +0000] "GET /login HTTP/1.1" 200 - "-" "Mozilla/5.0 (Macintosh; Intel Mac OS X 11_1_0) AppleWebKit/537.36 (KHTML, like Gecko) Chrome/87.0.4280.141 Safari/537.36"
::1 - - [10/Jan/2021:16:29:21 +0000] "GET /css/styles.css HTTP/1.1" 304 - "-" "Mozilla/5.0 (Macintosh; Intel Mac OS X 11_1_0) AppleWebKit/537.36 (KHTML, like Gecko) Chrome/87.0.4280.141 Safari/537.36"
::1 - - [10/Jan/2021:16:29:26 +0000] "GET /css/styles.css HTTP/1.1" 304 - "-" "Mozilla/5.0 (Macintosh; Intel Mac OS X 11_1_0) AppleWebKit/537.36 (KHTML, like Gecko) Chrome/87.0.4280.141 Safari/537.36"
::1 - - [10/Jan/2021:16:29:52 +0000] "POST /login HTTP/1.1" 302 56 "-" "Mozilla/5.0 (Macintosh; Intel Mac OS X 11_1_0) AppleWebKit/537.36 (KHTML, like Gecko) Chrome/87.0.4280.141 Safari/537.36"
::1 - - [10/Jan/2021:16:29:53 +0000] "GET /admin HTTP/1.1" 200 - "-" "Mozilla/5.0 (Macintosh; Intel Mac OS X 11_1_0) AppleWebKit/537.36 (KHTML, like Gecko) Chrome/87.0.4280.141 Safari/537.36"
::1 - - [10/Jan/2021:16:29:53 +0000] "GET /vendor/fontawesome-free/css/all.min.css HTTP/1.1" 304 - "-" "Mozilla/5.0 (Macintosh; Intel Mac OS X 11_1_0) AppleWebKit/537.36 (KHTML, like Gecko) Chrome/87.0.4280.141 Safari/537.36"
::1 - - [10/Jan/2021:16:29:53 +0000] "GET /js/sb-admin-2.min.js HTTP/1.1" 304 - "-" "Mozilla/5.0 (Macintosh; Intel Mac OS X 11_1_0) AppleWebKit/537.36 (KHTML, like Gecko) Chrome/87.0.4280.141 Safari/537.36"
::1 - - [10/Jan/2021:16:29:53 +0000] "GET /vendor/jquery-easing/jquery.easing.min.js HTTP/1.1" 304 - "-" "Mozilla/5.0 (Macintosh; Intel Mac OS X 11_1_0) AppleWebKit/537.36 (KHTML, like Gecko) Chrome/87.0.4280.141 Safari/537.36"
::1 - - [10/Jan/2021:16:29:53 +0000] "GET /img/undraw_profile_1.svg HTTP/1.1" 304 - "-" "Mozilla/5.0 (Macintosh; Intel Mac OS X 11_1_0) AppleWebKit/537.36 (KHTML, like Gecko) Chrome/87.0.4280.141 Safari/537.36"
::1 - - [10/Jan/2021:16:29:53 +0000] "GET /img/undraw_profile_2.svg HTTP/1.1" 304 - "-" "Mozilla/5.0 (Macintosh; Intel Mac OS X 11_1_0) AppleWebKit/537.36 (KHTML, like Gecko) Chrome/87.0.4280.141 Safari/537.36"
::1 - - [10/Jan/2021:16:29:53 +0000] "GET /vendor/jquery/jquery.min.js HTTP/1.1" 200 - "-" "Mozilla/5.0 (Macintosh; Intel Mac OS X 11_1_0) AppleWebKit/537.36 (KHTML, like Gecko) Chrome/87.0.4280.141 Safari/537.36"
::1 - - [10/Jan/2021:16:29:53 +0000] "GET /vendor/bootstrap/js/bootstrap.bundle.min.js HTTP/1.1" 200 - "-" "Mozilla/5.0 (Macintosh; Intel Mac OS X 11_1_0) AppleWebKit/537.36 (KHTML, like Gecko) Chrome/87.0.4280.141 Safari/537.36"
::1 - - [10/Jan/2021:16:29:53 +0000] "GET /img/undraw_profile_3.svg HTTP/1.1" 304 - "-" "Mozilla/5.0 (Macintosh; Intel Mac OS X 11_1_0) AppleWebKit/537.36 (KHTML, like Gecko) Chrome/87.0.4280.141 Safari/537.36"
::1 - - [10/Jan/2021:16:29:53 +0000] "GET /css/sb-admin-2.min.css HTTP/1.1" 200 - "-" "Mozilla/5.0 (Macintosh; Intel Mac OS X 11_1_0) AppleWebKit/537.36 (KHTML, like Gecko) Chrome/87.0.4280.141 Safari/537.36"
::1 - - [10/Jan/2021:16:29:53 +0000] "GET /upload/2021-01-10T11:53:06.766Z-fb-default.jpg HTTP/1.1" 304 - "-" "Mozilla/5.0 (Macintosh; Intel Mac OS X 11_1_0) AppleWebKit/537.36 (KHTML, like Gecko) Chrome/87.0.4280.141 Safari/537.36"
::1 - - [10/Jan/2021:16:29:53 +0000] "GET /vendor/fontawesome-free/webfonts/fa-solid-900.woff2 HTTP/1.1" 200 80300 "-" "Mozilla/5.0 (Macintosh; Intel Mac OS X 11_1_0) AppleWebKit/537.36 (KHTML, like Gecko) Chrome/87.0.4280.141 Safari/537.36"
::1 - - [10/Jan/2021:16:29:53 +0000] "GET /vendor/bootstrap/js/bootstrap.bundle.min.js.map HTTP/1.1" 200 - "-" "Mozilla/5.0 (Macintosh; Intel Mac OS X 11_1_0) AppleWebKit/537.36 (KHTML, like Gecko) Chrome/87.0.4280.141 Safari/537.36"
::1 - - [10/Jan/2021:16:30:51 +0000] "GET /admin/profile HTTP/1.1" 200 - "-" "Mozilla/5.0 (Macintosh; Intel Mac OS X 11_1_0) AppleWebKit/537.36 (KHTML, like Gecko) Chrome/87.0.4280.141 Safari/537.36"
::1 - - [10/Jan/2021:16:30:51 +0000] "GET /vendor/fontawesome-free/css/all.min.css HTTP/1.1" 304 - "-" "Mozilla/5.0 (Macintosh; Intel Mac OS X 11_1_0) AppleWebKit/537.36 (KHTML, like Gecko) Chrome/87.0.4280.141 Safari/537.36"
::1 - - [10/Jan/2021:16:30:51 +0000] "GET /css/sb-admin-2.min.css HTTP/1.1" 304 - "-" "Mozilla/5.0 (Macintosh; Intel Mac OS X 11_1_0) AppleWebKit/537.36 (KHTML, like Gecko) Chrome/87.0.4280.141 Safari/537.36"
::1 - - [10/Jan/2021:16:30:51 +0000] "GET /vendor/jquery/jquery.min.js HTTP/1.1" 304 - "-" "Mozilla/5.0 (Macintosh; Intel Mac OS X 11_1_0) AppleWebKit/537.36 (KHTML, like Gecko) Chrome/87.0.4280.141 Safari/537.36"
::1 - - [10/Jan/2021:16:30:51 +0000] "GET /vendor/bootstrap/js/bootstrap.bundle.min.js HTTP/1.1" 304 - "-" "Mozilla/5.0 (Macintosh; Intel Mac OS X 11_1_0) AppleWebKit/537.36 (KHTML, like Gecko) Chrome/87.0.4280.141 Safari/537.36"
::1 - - [10/Jan/2021:16:30:51 +0000] "GET /vendor/jquery-easing/jquery.easing.min.js HTTP/1.1" 304 - "-" "Mozilla/5.0 (Macintosh; Intel Mac OS X 11_1_0) AppleWebKit/537.36 (KHTML, like Gecko) Chrome/87.0.4280.141 Safari/537.36"
::1 - - [10/Jan/2021:16:30:51 +0000] "GET /js/sb-admin-2.min.js HTTP/1.1" 304 - "-" "Mozilla/5.0 (Macintosh; Intel Mac OS X 11_1_0) AppleWebKit/537.36 (KHTML, like Gecko) Chrome/87.0.4280.141 Safari/537.36"
::1 - - [10/Jan/2021:16:30:51 +0000] "GET /img/undraw_profile_1.svg HTTP/1.1" 304 - "-" "Mozilla/5.0 (Macintosh; Intel Mac OS X 11_1_0) AppleWebKit/537.36 (KHTML, like Gecko) Chrome/87.0.4280.141 Safari/537.36"
::1 - - [10/Jan/2021:16:30:51 +0000] "GET /img/undraw_profile_2.svg HTTP/1.1" 304 - "-" "Mozilla/5.0 (Macintosh; Intel Mac OS X 11_1_0) AppleWebKit/537.36 (KHTML, like Gecko) Chrome/87.0.4280.141 Safari/537.36"
::1 - - [10/Jan/2021:16:30:51 +0000] "GET /img/undraw_profile_3.svg HTTP/1.1" 304 - "-" "Mozilla/5.0 (Macintosh; Intel Mac OS X 11_1_0) AppleWebKit/537.36 (KHTML, like Gecko) Chrome/87.0.4280.141 Safari/537.36"
::1 - - [10/Jan/2021:16:30:51 +0000] "GET /upload/2021-01-10T11:53:06.766Z-fb-default.jpg HTTP/1.1" 304 - "-" "Mozilla/5.0 (Macintosh; Intel Mac OS X 11_1_0) AppleWebKit/537.36 (KHTML, like Gecko) Chrome/87.0.4280.141 Safari/537.36"
::1 - - [10/Jan/2021:16:30:51 +0000] "GET /vendor/fontawesome-free/webfonts/fa-solid-900.woff2 HTTP/1.1" 304 - "-" "Mozilla/5.0 (Macintosh; Intel Mac OS X 11_1_0) AppleWebKit/537.36 (KHTML, like Gecko) Chrome/87.0.4280.141 Safari/537.36"
::1 - - [10/Jan/2021:16:30:51 +0000] "GET /vendor/bootstrap/js/bootstrap.bundle.min.js.map HTTP/1.1" 200 - "-" "Mozilla/5.0 (Macintosh; Intel Mac OS X 11_1_0) AppleWebKit/537.36 (KHTML, like Gecko) Chrome/87.0.4280.141 Safari/537.36"
::1 - - [10/Jan/2021:16:56:24 +0000] "GET /login HTTP/1.1" 302 56 "-" "Mozilla/5.0 (Macintosh; Intel Mac OS X 11_1_0) AppleWebKit/537.36 (KHTML, like Gecko) Chrome/87.0.4280.141 Safari/537.36"
::1 - - [10/Jan/2021:16:56:25 +0000] "GET /admin HTTP/1.1" 200 - "-" "Mozilla/5.0 (Macintosh; Intel Mac OS X 11_1_0) AppleWebKit/537.36 (KHTML, like Gecko) Chrome/87.0.4280.141 Safari/537.36"
::1 - - [10/Jan/2021:16:56:25 +0000] "GET /vendor/fontawesome-free/css/all.min.css HTTP/1.1" 304 - "-" "Mozilla/5.0 (Macintosh; Intel Mac OS X 11_1_0) AppleWebKit/537.36 (KHTML, like Gecko) Chrome/87.0.4280.141 Safari/537.36"
::1 - - [10/Jan/2021:16:56:25 +0000] "GET /css/sb-admin-2.min.css HTTP/1.1" 304 - "-" "Mozilla/5.0 (Macintosh; Intel Mac OS X 11_1_0) AppleWebKit/537.36 (KHTML, like Gecko) Chrome/87.0.4280.141 Safari/537.36"
::1 - - [10/Jan/2021:16:56:25 +0000] "GET /vendor/jquery/jquery.min.js HTTP/1.1" 304 - "-" "Mozilla/5.0 (Macintosh; Intel Mac OS X 11_1_0) AppleWebKit/537.36 (KHTML, like Gecko) Chrome/87.0.4280.141 Safari/537.36"
::1 - - [10/Jan/2021:16:56:25 +0000] "GET /vendor/bootstrap/js/bootstrap.bundle.min.js HTTP/1.1" 304 - "-" "Mozilla/5.0 (Macintosh; Intel Mac OS X 11_1_0) AppleWebKit/537.36 (KHTML, like Gecko) Chrome/87.0.4280.141 Safari/537.36"
::1 - - [10/Jan/2021:16:56:25 +0000] "GET /vendor/jquery-easing/jquery.easing.min.js HTTP/1.1" 304 - "-" "Mozilla/5.0 (Macintosh; Intel Mac OS X 11_1_0) AppleWebKit/537.36 (KHTML, like Gecko) Chrome/87.0.4280.141 Safari/537.36"
::1 - - [10/Jan/2021:16:56:25 +0000] "GET /js/sb-admin-2.min.js HTTP/1.1" 304 - "-" "Mozilla/5.0 (Macintosh; Intel Mac OS X 11_1_0) AppleWebKit/537.36 (KHTML, like Gecko) Chrome/87.0.4280.141 Safari/537.36"
::1 - - [10/Jan/2021:16:56:25 +0000] "GET /img/undraw_profile_1.svg HTTP/1.1" 304 - "-" "Mozilla/5.0 (Macintosh; Intel Mac OS X 11_1_0) AppleWebKit/537.36 (KHTML, like Gecko) Chrome/87.0.4280.141 Safari/537.36"
::1 - - [10/Jan/2021:16:56:25 +0000] "GET /img/undraw_profile_3.svg HTTP/1.1" 304 - "-" "Mozilla/5.0 (Macintosh; Intel Mac OS X 11_1_0) AppleWebKit/537.36 (KHTML, like Gecko) Chrome/87.0.4280.141 Safari/537.36"
::1 - - [10/Jan/2021:16:56:25 +0000] "GET /img/undraw_profile_2.svg HTTP/1.1" 304 - "-" "Mozilla/5.0 (Macintosh; Intel Mac OS X 11_1_0) AppleWebKit/537.36 (KHTML, like Gecko) Chrome/87.0.4280.141 Safari/537.36"
::1 - - [10/Jan/2021:16:56:25 +0000] "GET /upload/2021-01-10T11:53:06.766Z-fb-default.jpg HTTP/1.1" 304 - "-" "Mozilla/5.0 (Macintosh; Intel Mac OS X 11_1_0) AppleWebKit/537.36 (KHTML, like Gecko) Chrome/87.0.4280.141 Safari/537.36"
::1 - - [10/Jan/2021:16:56:26 +0000] "GET /vendor/fontawesome-free/webfonts/fa-solid-900.woff2 HTTP/1.1" 304 - "-" "Mozilla/5.0 (Macintosh; Intel Mac OS X 11_1_0) AppleWebKit/537.36 (KHTML, like Gecko) Chrome/87.0.4280.141 Safari/537.36"
::1 - - [12/Jan/2021:05:30:18 +0000] "GET /admin/profile HTTP/1.1" 302 56 "-" "Mozilla/5.0 (Macintosh; Intel Mac OS X 11_1_0) AppleWebKit/537.36 (KHTML, like Gecko) Chrome/87.0.4280.141 Safari/537.36"
::1 - - [12/Jan/2021:05:30:19 +0000] "GET /login HTTP/1.1" 200 - "-" "Mozilla/5.0 (Macintosh; Intel Mac OS X 11_1_0) AppleWebKit/537.36 (KHTML, like Gecko) Chrome/87.0.4280.141 Safari/537.36"
::1 - - [12/Jan/2021:05:30:19 +0000] "GET /css/styles.css HTTP/1.1" 304 - "-" "Mozilla/5.0 (Macintosh; Intel Mac OS X 11_1_0) AppleWebKit/537.36 (KHTML, like Gecko) Chrome/87.0.4280.141 Safari/537.36"
::1 - - [12/Jan/2021:05:30:19 +0000] "GET /css/styles.css HTTP/1.1" 304 - "-" "Mozilla/5.0 (Macintosh; Intel Mac OS X 11_1_0) AppleWebKit/537.36 (KHTML, like Gecko) Chrome/87.0.4280.141 Safari/537.36"
::1 - - [12/Jan/2021:05:30:21 +0000] "GET /favicon.ico HTTP/1.1" 404 150 "-" "Mozilla/5.0 (Macintosh; Intel Mac OS X 11_1_0) AppleWebKit/537.36 (KHTML, like Gecko) Chrome/87.0.4280.141 Safari/537.36"
::1 - - [12/Jan/2021:05:30:26 +0000] "GET /css/styles.css HTTP/1.1" 304 - "-" "Mozilla/5.0 (Macintosh; Intel Mac OS X 11_1_0) AppleWebKit/537.36 (KHTML, like Gecko) Chrome/87.0.4280.141 Safari/537.36"
